2025-09-23T20:42:35.126Z [error]: Confirmação de Cadastro: Pedido 7001083528 não encontrado
2025-09-23T20:44:35.418Z [error]: Confirmação de Cadastro: Pedido 7001083528 não encontrado
2025-09-24T10:45:36.409Z [error]: Confirmação de Cadastro: Pedido 7001083528 não encontrado
2025-09-24T11:44:22.297Z [error]: Confirmação de Cadastro: Pedido 100880232099 não encontrado
2025-09-24T11:45:25.730Z [error]: Confirmação de Cadastro: Pedido 100880232099 não encontrado
2025-09-24T19:24:36.444Z [error]: Invalid Tokem
2025-09-24T20:03:18.412Z [error]: Token is required
2025-09-24T20:03:38.719Z [error]: Token is required
2025-09-24T20:05:13.945Z [error]: Token is required
2025-09-24T20:06:33.413Z [error]: Invalid Tokem
2025-09-25T11:47:41.588Z [error]: Error: Teste de erro
    at getGerencial (E:\Aggille\Sistemas\Node\sqlserver\src\controllers\pedidosDto.js:134:11)
    at process.processTicksAndRejections (node:internal/process/task_queues:105:5)
2025-09-25T11:49:19.439Z [error]: Error: Teste de erro
    at getGerencial (E:\Aggille\Sistemas\Node\sqlserver\src\controllers\pedidosDto.js:134:11)
    at process.processTicksAndRejections (node:internal/process/task_queues:105:5)
2025-09-25T11:50:50.890Z [error]: Error: Teste de erro
    at getGerencial (E:\Aggille\Sistemas\Node\sqlserver\src\controllers\pedidosDto.js:134:11)
    at process.processTicksAndRejections (node:internal/process/task_queues:105:5)
2025-09-25T11:52:09.853Z [error]: Error: Teste de erro
    at getGerencial (E:\Aggille\Sistemas\Node\sqlserver\src\controllers\pedidosDto.js:134:11)
    at process.processTicksAndRejections (node:internal/process/task_queues:105:5)
2025-09-25T11:53:46.992Z [error]: Error: Teste de erro
    at getGerencial (E:\Aggille\Sistemas\Node\sqlserver\src\controllers\pedidosDto.js:134:11)
    at process.processTicksAndRejections (node:internal/process/task_queues:105:5)
2025-09-25T11:59:00.046Z [error]: Error: Teste de erro
    at getGerencial (E:\Aggille\Sistemas\Node\sqlserver\src\controllers\pedidosDto.js:134:11)
    at process.processTicksAndRejections (node:internal/process/task_queues:105:5)
2025-09-25T11:59:35.628Z [error]: Error: Teste de erro
    at getGerencial (E:\Aggille\Sistemas\Node\sqlserver\src\controllers\pedidosDto.js:134:11)
    at process.processTicksAndRejections (node:internal/process/task_queues:105:5)
2025-09-25T12:00:03.855Z [error]: Error: Teste de erro
    at getGerencial (E:\Aggille\Sistemas\Node\sqlserver\src\controllers\pedidosDto.js:134:11)
    at process.processTicksAndRejections (node:internal/process/task_queues:105:5)
2025-09-25T12:02:20.919Z [error]: Error: Teste de erro
    at getGerencial (E:\Aggille\Sistemas\Node\sqlserver\src\controllers\pedidosDto.js:134:11)
    at process.processTicksAndRejections (node:internal/process/task_queues:105:5)
2025-09-25T12:03:57.812Z [error]: Error: Teste de erro
    at getGerencial (E:\Aggille\Sistemas\Node\sqlserver\src\controllers\pedidosDto.js:134:11)
    at process.processTicksAndRejections (node:internal/process/task_queues:105:5)
2025-09-25T12:04:01.266Z [error]: Error: Teste de erro
    at getGerencial (E:\Aggille\Sistemas\Node\sqlserver\src\controllers\pedidosDto.js:134:11)
    at process.processTicksAndRejections (node:internal/process/task_queues:105:5)
2025-09-25T12:06:17.317Z [error]: TypeError: Error is not a constructor
    at getGerencial (E:\Aggille\Sistemas\Node\sqlserver\src\controllers\pedidosDto.js:134:11)
    at process.processTicksAndRejections (node:internal/process/task_queues:105:5)
2025-09-25T12:06:30.130Z [error]: Error fetching pedidos gerencial:
2025-09-25T12:06:57.702Z [error]: TypeError: Error is not a constructor
    at getGerencial (E:\Aggille\Sistemas\Node\sqlserver\src\controllers\pedidosDto.js:134:11)
    at process.processTicksAndRejections (node:internal/process/task_queues:105:5)
2025-09-25T12:07:28.127Z [error]: TypeError: Error is not a constructor
    at getGerencial (E:\Aggille\Sistemas\Node\sqlserver\src\controllers\pedidosDto.js:134:11)
    at process.processTicksAndRejections (node:internal/process/task_queues:105:5)
2025-09-25T12:08:03.330Z [error]: TypeError: Error is not a constructor
    at getGerencial (E:\Aggille\Sistemas\Node\sqlserver\src\controllers\pedidosDto.js:134:11)
    at process.processTicksAndRejections (node:internal/process/task_queues:105:5)
2025-09-25T12:12:12.627Z [error]: Error: Teste de erro
    at getGerencial (E:\Aggille\Sistemas\Node\sqlserver\src\controllers\pedidosDto.js:134:11)
    at process.processTicksAndRejections (node:internal/process/task_queues:105:5)
2025-09-25T12:12:39.451Z [error]: TypeError: Error is not a constructor
    at getGerencial (E:\Aggille\Sistemas\Node\sqlserver\src\controllers\pedidosDto.js:134:11)
    at process.processTicksAndRejections (node:internal/process/task_queues:105:5)
2025-09-25T12:13:50.313Z [error]: Error: Teste de erro
    at getGerencial (E:\Aggille\Sistemas\Node\sqlserver\src\controllers\pedidosDto.js:134:11)
    at process.processTicksAndRejections (node:internal/process/task_queues:105:5)
2025-09-25T12:14:04.119Z [error]: Error: Teste de erro
    at getGerencial (E:\Aggille\Sistemas\Node\sqlserver\src\controllers\pedidosDto.js:134:11)
    at process.processTicksAndRejections (node:internal/process/task_queues:105:5)
2025-09-25T17:05:10.619Z [error]: Token is required
2025-09-26T11:21:45.995Z [error]: Confirmação de Cadastro: Pedido 100880232099 não encontrado
2025-09-26T11:22:34.275Z [error]: Confirmação de Cadastro: Pedido 100880232099 não encontrado
2025-09-26T11:24:28.614Z [error]: Confirmação de Cadastro: Pedido 100880232099 não encontrado
2025-09-26T11:46:16.487Z [error]: Confirmação de Cadastro: Pedido 100880232099 não encontrado
2025-09-26T11:49:01.049Z [error]: Confirmação de Cadastro: Pedido 100880232099 não encontrado
2025-09-26T11:50:25.903Z [error]: Confirmação de Cadastro: Pedido 100880232099 não encontrado
2025-09-26T11:51:20.394Z [error]: Confirmação de Cadastro: Pedido 100880232099 não encontrado
2025-09-26T11:53:46.445Z [error]: Confirmação de Cadastro: Pedido 100880232099 não encontrado
2025-09-26T11:56:46.624Z [error]: Confirmação de Cadastro: Pedido 100880232099 não encontrado
2025-09-26T11:57:18.483Z [error]: Confirmação de Cadastro: Pedido 100880232099 não encontrado
2025-09-26T11:58:04.122Z [error]: Confirmação de Cadastro: Pedido 100880232099 não encontrado
2025-09-26T12:09:33.415Z [error]: Emissão: Pedido 100880232099 não encontrado
2025-09-26T12:10:25.644Z [error]: Confirmação de Cadastro: Pedido 100880232099 não encontrado
2025-09-26T12:32:01.796Z [error]: Confirmação de Cadastro: Pedido 100880232099 não encontrado
2025-09-26T12:33:28.249Z [error]: Confirmação de Cadastro: Pedido 100880232099 não encontrado
2025-09-26T12:33:46.505Z [error]: Confirmação de Cadastro: Pedido 100880232099 não encontrado
2025-09-26T12:35:18.254Z [error]: Confirmação de Cadastro: Pedido 10088091189 não encontrado
2025-09-26T12:36:25.159Z [error]: Confirmação de Cadastro: Pedido 10088091189 não encontrado
2025-09-26T12:36:56.452Z [error]: Confirmação de Cadastro: Pedido 10088091189 não encontrado
2025-09-26T12:37:08.610Z [error]: Confirmação de Cadastro: Pedido 10088091189 não encontrado
2025-09-26T12:37:25.281Z [error]: Confirmação de Cadastro: Pedido 10088091189 não encontrado
2025-09-26T12:38:24.251Z [error]: Confirmação de Cadastro: Pedido 10088091189 não encontrado
2025-09-26T12:38:39.430Z [error]: Confirmação de Cadastro: Pedido 10088091189 não encontrado
2025-09-26T12:39:01.717Z [error]: Confirmação de Cadastro: Pedido 10088091189 não encontrado
2025-09-26T12:39:23.044Z [error]: Confirmação de Cadastro: Pedido 10088091189 não encontrado
2025-09-26T12:40:16.768Z [error]: Confirmação de Cadastro: Pedido 10088091189 não encontrado
2025-09-26T12:40:32.471Z [error]: Confirmação de Cadastro: Pedido 10088091189 não encontrado
2025-09-26T12:40:51.985Z [error]: Confirmação de Cadastro: Pedido 10088091189 não encontrado
2025-09-26T15:59:46.235Z [error]: Invalid Tokem
